{"name": "Invalid parameters handling -- @1.10 ", "status": "failed", "statusDetails": {"message": "AssertionError: Expected 400 but got 200\n", "trace": "  File \"/home/luis/.local/lib/python3.10/site-packages/behave/model.py\", line 1329, in run\n    match.run(runner.context)\n  File \"/home/luis/.local/lib/python3.10/site-packages/behave/matchers.py\", line 98, in run\n    self.func(context, *args, **kwargs)\n  File \"features/steps/hoover_nonfunctional_steps.py\", line 18, in step_impl_then_service_should_return_bad_request_error\n    assert context.response_status_code == 400, f\"Expected 400 but got {context.response_status_code}\"\n"}, "steps": [{"name": "Given a request with wrong parameters \"5\" \"5\" \"-4\" \"-2\" \"1,1\" \"N\"", "status": "passed", "start": 1682669937066, "stop": 1682669937066}, {"name": "When I send a request with wrong parameters", "status": "passed", "start": 1682669937066, "stop": 1682669937071}, {"name": "Then the service should return a bad request error", "status": "failed", "statusDetails": {"message": "AssertionError: Expected 400 but got 200\n", "trace": "  File \"/home/luis/.local/lib/python3.10/site-packages/behave/model.py\", line 1329, in run\n    match.run(runner.context)\n  File \"/home/luis/.local/lib/python3.10/site-packages/behave/matchers.py\", line 98, in run\n    self.func(context, *args, **kwargs)\n  File \"features/steps/hoover_nonfunctional_steps.py\", line 18, in step_impl_then_service_should_return_bad_request_error\n    assert context.response_status_code == 400, f\"Expected 400 but got {context.response_status_code}\"\n"}, "start": 1682669937071, "stop": 1682669937072}], "parameters": [{"name": "room_x", "value": "5"}, {"name": "room_y", "value": "5"}, {"name": "start_x", "value": "-4"}, {"name": "start_y", "value": "-2"}, {"name": "dirt_positions", "value": "1,1"}, {"name": "instructions", "value": "N"}], "start": 1682669937065, "stop": 1682669937072, "uuid": "d8a8b26a-5a30-423f-8d41-831780b6019c", "historyId": "c116ae5b4509dd184c12b9930e9e307a", "fullName": "Hoover service testing: Invalid parameters handling", "labels": [{"name": "severity", "value": "normal"}, {"name": "feature", "value": "Hoover service testing"}, {"name": "framework", "value": "behave"}, {"name": "language", "value": "cpython3"}]}