{"name": "Missing payload information -- @1.3 ", "status": "failed", "statusDetails": {"message": "AssertionError: Expected error message 'Missing input parameter'\n", "trace": "  File \"/home/luis/.local/lib/python3.10/site-packages/behave/model.py\", line 1329, in run\n    match.run(runner.context)\n  File \"/home/luis/.local/lib/python3.10/site-packages/behave/matchers.py\", line 98, in run\n    self.func(context, *args, **kwargs)\n  File \"features/steps/hoover_nonfunctional_steps.py\", line 40, in step_impl_then_service_should_return_missing_input_error\n    assert False, f\"Expected error message 'Missing input parameter'\"\n"}, "steps": [{"name": "Given a request with missing payload information \"7\" \"4\" \"0\" \"0\" \"EENNNNNNWWSSS\"", "status": "passed", "start": 1682670788036, "stop": 1682670788036}, {"name": "When I send a request with missing payload information", "status": "passed", "start": 1682670788036, "stop": 1682670788059}, {"name": "Then the service should return a missing input error", "status": "failed", "statusDetails": {"message": "AssertionError: Expected error message 'Missing input parameter'\n", "trace": "  File \"/home/luis/.local/lib/python3.10/site-packages/behave/model.py\", line 1329, in run\n    match.run(runner.context)\n  File \"/home/luis/.local/lib/python3.10/site-packages/behave/matchers.py\", line 98, in run\n    self.func(context, *args, **kwargs)\n  File \"features/steps/hoover_nonfunctional_steps.py\", line 40, in step_impl_then_service_should_return_missing_input_error\n    assert False, f\"Expected error message 'Missing input parameter'\"\n"}, "start": 1682670788059, "stop": 1682670788060}], "parameters": [{"name": "room_x", "value": "7"}, {"name": "room_y", "value": "4"}, {"name": "start_x", "value": "0"}, {"name": "start_y", "value": "0"}, {"name": "instructions", "value": "EENNNNNNWWSSS"}], "start": 1682670788036, "stop": 1682670788060, "uuid": "9067ccc7-34c0-452b-91aa-5e9c987672af", "historyId": "1ab55767dacedefbdb04ec832b71e8e1", "fullName": "Hoover service testing: Missing payload information", "labels": [{"name": "severity", "value": "normal"}, {"name": "feature", "value": "Hoover service testing"}, {"name": "framework", "value": "behave"}, {"name": "language", "value": "cpython3"}]}