{"name": "Missing payload information -- @1.1 ", "status": "failed", "statusDetails": {"message": "AssertionError: Expected error message 'Missing input parameter'\n", "trace": "  File \"/home/luis/.local/lib/python3.10/site-packages/behave/model.py\", line 1329, in run\n    match.run(runner.context)\n  File \"/home/luis/.local/lib/python3.10/site-packages/behave/matchers.py\", line 98, in run\n    self.func(context, *args, **kwargs)\n  File \"features/steps/hoover_nonfunctional_steps.py\", line 40, in step_impl_then_service_should_return_missing_input_error\n    assert False, f\"Expected error message 'Missing input parameter'\"\n"}, "steps": [{"name": "Given a request with missing payload information \"5\" \"5\" \"1\" \"2\" \"NNESEESWNWW\"", "status": "passed", "start": 1682669937111, "stop": 1682669937111}, {"name": "When I send a request with missing payload information", "status": "passed", "start": 1682669937111, "stop": 1682669937122}, {"name": "Then the service should return a missing input error", "status": "failed", "statusDetails": {"message": "AssertionError: Expected error message 'Missing input parameter'\n", "trace": "  File \"/home/luis/.local/lib/python3.10/site-packages/behave/model.py\", line 1329, in run\n    match.run(runner.context)\n  File \"/home/luis/.local/lib/python3.10/site-packages/behave/matchers.py\", line 98, in run\n    self.func(context, *args, **kwargs)\n  File \"features/steps/hoover_nonfunctional_steps.py\", line 40, in step_impl_then_service_should_return_missing_input_error\n    assert False, f\"Expected error message 'Missing input parameter'\"\n"}, "start": 1682669937122, "stop": 1682669937122}], "parameters": [{"name": "room_x", "value": "5"}, {"name": "room_y", "value": "5"}, {"name": "start_x", "value": "1"}, {"name": "start_y", "value": "2"}, {"name": "instructions", "value": "NNESEESWNWW"}], "start": 1682669937110, "stop": 1682669937122, "uuid": "9d63afa2-82de-46e5-809c-f4a24201708e", "historyId": "b2465fffc24825039c32f301921d79db", "fullName": "Hoover service testing: Missing payload information", "labels": [{"name": "severity", "value": "normal"}, {"name": "feature", "value": "Hoover service testing"}, {"name": "framework", "value": "behave"}, {"name": "language", "value": "cpython3"}]}