{"uid":"30be03376086dbbf","name":"Hoover does not move if driving into a wall -- @1.3 ","fullName":"Hoover service testing: Hoover does not move if driving into a wall","historyId":"ff6b5bea8bfb1a4d818c850557112d54","time":{"start":1682669968777,"stop":1682669968784,"duration":7},"status":"failed","statusMessage":"AssertionError: Expected 0 but got 1\n","statusTrace":"  File \"/home/luis/.local/lib/python3.10/site-packages/behave/model.py\", line 1329, in run\n    match.run(runner.context)\n  File \"/home/luis/.local/lib/python3.10/site-packages/behave/matchers.py\", line 98, in run\n    self.func(context, *args, **kwargs)\n  File \"features/steps/hoover_functional_steps.py\", line 42, in step_impl_then_hoover_position\n    assert context.response_body[\"patches\"] == int(cleaned_patches), f\"Expected {int(cleaned_patches)} but got {context.response_body['patches']}\"\n","flaky":false,"newFailed":false,"newBroken":false,"newPassed":false,"retriesCount":0,"retriesStatusChange":false,"beforeStages":[],"testStage":{"status":"failed","statusMessage":"AssertionError: Expected 0 but got 1\n","statusTrace":"  File \"/home/luis/.local/lib/python3.10/site-packages/behave/model.py\", line 1329, in run\n    match.run(runner.context)\n  File \"/home/luis/.local/lib/python3.10/site-packages/behave/matchers.py\", line 98, in run\n    self.func(context, *args, **kwargs)\n  File \"features/steps/hoover_functional_steps.py\", line 42, in step_impl_then_hoover_position\n    assert context.response_body[\"patches\"] == int(cleaned_patches), f\"Expected {int(cleaned_patches)} but got {context.response_body['patches']}\"\n","steps":[{"name":"Given a room with dimensions \"5\" by \"5\"","time":{"start":1682669968778,"stop":1682669968778,"duration":0},"status":"passed","steps":[],"attachments":[],"parameters":[],"stepsCount":0,"attachmentsCount":0,"shouldDisplayMessage":false,"hasContent":false},{"name":"And a hoover starting at position \"4\", \"4\"","time":{"start":1682669968778,"stop":1682669968778,"duration":0},"status":"passed","steps":[],"attachments":[],"parameters":[],"stepsCount":0,"attachmentsCount":0,"shouldDisplayMessage":false,"hasContent":false},{"name":"And the following patches of dirt: \"1,0;2,2;2,3\"","time":{"start":1682669968778,"stop":1682669968778,"duration":0},"status":"passed","steps":[],"attachments":[],"parameters":[],"stepsCount":0,"attachmentsCount":0,"shouldDisplayMessage":false,"hasContent":false},{"name":"When the hoover moves according to \"NN\"","time":{"start":1682669968778,"stop":1682669968783,"duration":5},"status":"passed","steps":[],"attachments":[],"parameters":[],"stepsCount":0,"attachmentsCount":0,"shouldDisplayMessage":false,"hasContent":false},{"name":"Then the final position of the hoover should be \"4\", \"4\"","time":{"start":1682669968783,"stop":1682669968784,"duration":1},"status":"passed","steps":[],"attachments":[],"parameters":[],"stepsCount":0,"attachmentsCount":0,"shouldDisplayMessage":false,"hasContent":false},{"name":"And the number of cleaned patches should be \"0\"","time":{"start":1682669968784,"stop":1682669968784,"duration":0},"status":"failed","statusMessage":"AssertionError: Expected 0 but got 1\n","statusTrace":"  File \"/home/luis/.local/lib/python3.10/site-packages/behave/model.py\", line 1329, in run\n    match.run(runner.context)\n  File \"/home/luis/.local/lib/python3.10/site-packages/behave/matchers.py\", line 98, in run\n    self.func(context, *args, **kwargs)\n  File \"features/steps/hoover_functional_steps.py\", line 42, in step_impl_then_hoover_position\n    assert context.response_body[\"patches\"] == int(cleaned_patches), f\"Expected {int(cleaned_patches)} but got {context.response_body['patches']}\"\n","steps":[],"attachments":[],"parameters":[],"stepsCount":0,"attachmentsCount":0,"shouldDisplayMessage":true,"hasContent":true}],"attachments":[],"parameters":[],"stepsCount":6,"attachmentsCount":0,"shouldDisplayMessage":false,"hasContent":true},"afterStages":[],"labels":[{"name":"severity","value":"normal"},{"name":"tag","value":"skip"},{"name":"feature","value":"Hoover service testing"},{"name":"framework","value":"behave"},{"name":"language","value":"cpython3"},{"name":"resultFormat","value":"allure2"}],"parameters":[{"name":"cleaned_patches","value":"0"},{"name":"dirt_positions","value":"1,0;2,2;2,3"},{"name":"final_x","value":"4"},{"name":"final_y","value":"4"},{"name":"instructions","value":"NN"},{"name":"room_x","value":"5"},{"name":"room_y","value":"5"},{"name":"start_x","value":"4"},{"name":"start_y","value":"4"}],"links":[],"hidden":true,"retry":true,"extra":{"categories":[],"tags":["skip"]},"source":"30be03376086dbbf.json","parameterValues":["0","1,0;2,2;2,3","4","4","NN","5","5","4","4"]}