{"uid":"67642d7d54b2e8d","name":"Hoover does not move if driving into a wall -- @1.4 ","fullName":"Hoover service testing: Hoover does not move if driving into a wall","historyId":"336c0cbe39d748fd3132ea993e1ef0af","time":{"start":1682670788094,"stop":1682670788103,"duration":9},"status":"failed","statusMessage":"AssertionError: Expected 0 but got 1\n","statusTrace":"  File \"/home/luis/.local/lib/python3.10/site-packages/behave/model.py\", line 1329, in run\n    match.run(runner.context)\n  File \"/home/luis/.local/lib/python3.10/site-packages/behave/matchers.py\", line 98, in run\n    self.func(context, *args, **kwargs)\n  File \"features/steps/hoover_functional_steps.py\", line 42, in step_impl_then_hoover_position\n    assert context.response_body[\"patches\"] == int(cleaned_patches), f\"Expected {int(cleaned_patches)} but got {context.response_body['patches']}\"\n","flaky":false,"newFailed":false,"newBroken":false,"newPassed":false,"retriesCount":2,"retriesStatusChange":false,"beforeStages":[],"testStage":{"status":"failed","statusMessage":"AssertionError: Expected 0 but got 1\n","statusTrace":"  File \"/home/luis/.local/lib/python3.10/site-packages/behave/model.py\", line 1329, in run\n    match.run(runner.context)\n  File \"/home/luis/.local/lib/python3.10/site-packages/behave/matchers.py\", line 98, in run\n    self.func(context, *args, **kwargs)\n  File \"features/steps/hoover_functional_steps.py\", line 42, in step_impl_then_hoover_position\n    assert context.response_body[\"patches\"] == int(cleaned_patches), f\"Expected {int(cleaned_patches)} but got {context.response_body['patches']}\"\n","steps":[{"name":"Given a room with dimensions \"5\" by \"5\"","time":{"start":1682670788096,"stop":1682670788096,"duration":0},"status":"passed","steps":[],"attachments":[],"parameters":[],"stepsCount":0,"attachmentsCount":0,"shouldDisplayMessage":false,"hasContent":false},{"name":"And a hoover starting at position \"4\", \"4\"","time":{"start":1682670788096,"stop":1682670788096,"duration":0},"status":"passed","steps":[],"attachments":[],"parameters":[],"stepsCount":0,"attachmentsCount":0,"shouldDisplayMessage":false,"hasContent":false},{"name":"And the following patches of dirt: \"1,0;2,2;2,3\"","time":{"start":1682670788096,"stop":1682670788096,"duration":0},"status":"passed","steps":[],"attachments":[],"parameters":[],"stepsCount":0,"attachmentsCount":0,"shouldDisplayMessage":false,"hasContent":false},{"name":"When the hoover moves according to \"E\"","time":{"start":1682670788096,"stop":1682670788102,"duration":6},"status":"passed","steps":[],"attachments":[],"parameters":[],"stepsCount":0,"attachmentsCount":0,"shouldDisplayMessage":false,"hasContent":false},{"name":"Then the final position of the hoover should be \"4\", \"4\"","time":{"start":1682670788102,"stop":1682670788102,"duration":0},"status":"passed","steps":[],"attachments":[],"parameters":[],"stepsCount":0,"attachmentsCount":0,"shouldDisplayMessage":false,"hasContent":false},{"name":"And the number of cleaned patches should be \"0\"","time":{"start":1682670788102,"stop":1682670788103,"duration":1},"status":"failed","statusMessage":"AssertionError: Expected 0 but got 1\n","statusTrace":"  File \"/home/luis/.local/lib/python3.10/site-packages/behave/model.py\", line 1329, in run\n    match.run(runner.context)\n  File \"/home/luis/.local/lib/python3.10/site-packages/behave/matchers.py\", line 98, in run\n    self.func(context, *args, **kwargs)\n  File \"features/steps/hoover_functional_steps.py\", line 42, in step_impl_then_hoover_position\n    assert context.response_body[\"patches\"] == int(cleaned_patches), f\"Expected {int(cleaned_patches)} but got {context.response_body['patches']}\"\n","steps":[],"attachments":[],"parameters":[],"stepsCount":0,"attachmentsCount":0,"shouldDisplayMessage":true,"hasContent":true}],"attachments":[],"parameters":[],"stepsCount":6,"attachmentsCount":0,"shouldDisplayMessage":false,"hasContent":true},"afterStages":[],"labels":[{"name":"severity","value":"normal"},{"name":"tag","value":"skip"},{"name":"feature","value":"Hoover service testing"},{"name":"framework","value":"behave"},{"name":"language","value":"cpython3"},{"name":"resultFormat","value":"allure2"}],"parameters":[{"name":"cleaned_patches","value":"0"},{"name":"dirt_positions","value":"1,0;2,2;2,3"},{"name":"final_x","value":"4"},{"name":"final_y","value":"4"},{"name":"instructions","value":"E"},{"name":"room_x","value":"5"},{"name":"room_y","value":"5"},{"name":"start_x","value":"4"},{"name":"start_y","value":"4"}],"links":[],"hidden":false,"retry":false,"extra":{"severity":"normal","retries":[{"uid":"ca5cc2735128db0b","status":"failed","statusDetails":"AssertionError: Expected 0 but got 1\n","time":{"start":1682669968785,"stop":1682669968793,"duration":8}},{"uid":"52c2600c5d3b7e1d","status":"failed","statusDetails":"AssertionError: Expected 0 but got 1\n","time":{"start":1682669937174,"stop":1682669937182,"duration":8}}],"categories":[{"name":"Product defects","matchedStatuses":[],"flaky":false}],"tags":["skip"]},"source":"67642d7d54b2e8d.json","parameterValues":["0","1,0;2,2;2,3","4","4","E","5","5","4","4"]}