{"uid":"6bf7a63519e35118","name":"Invalid parameters handling -- @1.15 ","fullName":"Hoover service testing: Invalid parameters handling","historyId":"f14afa73d7b741e246cb1951126534ea","time":{"start":1682669968713,"stop":1682669968723,"duration":10},"status":"failed","statusMessage":"AssertionError: Expected 400 but got 200\n","statusTrace":"  File \"/home/luis/.local/lib/python3.10/site-packages/behave/model.py\", line 1329, in run\n    match.run(runner.context)\n  File \"/home/luis/.local/lib/python3.10/site-packages/behave/matchers.py\", line 98, in run\n    self.func(context, *args, **kwargs)\n  File \"features/steps/hoover_nonfunctional_steps.py\", line 18, in step_impl_then_service_should_return_bad_request_error\n    assert context.response_status_code == 400, f\"Expected 400 but got {context.response_status_code}\"\n","flaky":false,"newFailed":false,"newBroken":false,"newPassed":false,"retriesCount":0,"retriesStatusChange":false,"beforeStages":[],"testStage":{"status":"failed","statusMessage":"AssertionError: Expected 400 but got 200\n","statusTrace":"  File \"/home/luis/.local/lib/python3.10/site-packages/behave/model.py\", line 1329, in run\n    match.run(runner.context)\n  File \"/home/luis/.local/lib/python3.10/site-packages/behave/matchers.py\", line 98, in run\n    self.func(context, *args, **kwargs)\n  File \"features/steps/hoover_nonfunctional_steps.py\", line 18, in step_impl_then_service_should_return_bad_request_error\n    assert context.response_status_code == 400, f\"Expected 400 but got {context.response_status_code}\"\n","steps":[{"name":"Given a request with wrong parameters \"5\" \"5\" \"2\" \"3\" \"8,6\" \"N\"","time":{"start":1682669968714,"stop":1682669968714,"duration":0},"status":"passed","steps":[],"attachments":[],"parameters":[],"stepsCount":0,"attachmentsCount":0,"shouldDisplayMessage":false,"hasContent":false},{"name":"When I send a request with wrong parameters","time":{"start":1682669968715,"stop":1682669968722,"duration":7},"status":"passed","steps":[],"attachments":[],"parameters":[],"stepsCount":0,"attachmentsCount":0,"shouldDisplayMessage":false,"hasContent":false},{"name":"Then the service should return a bad request error","time":{"start":1682669968722,"stop":1682669968723,"duration":1},"status":"failed","statusMessage":"AssertionError: Expected 400 but got 200\n","statusTrace":"  File \"/home/luis/.local/lib/python3.10/site-packages/behave/model.py\", line 1329, in run\n    match.run(runner.context)\n  File \"/home/luis/.local/lib/python3.10/site-packages/behave/matchers.py\", line 98, in run\n    self.func(context, *args, **kwargs)\n  File \"features/steps/hoover_nonfunctional_steps.py\", line 18, in step_impl_then_service_should_return_bad_request_error\n    assert context.response_status_code == 400, f\"Expected 400 but got {context.response_status_code}\"\n","steps":[],"attachments":[],"parameters":[],"stepsCount":0,"attachmentsCount":0,"shouldDisplayMessage":true,"hasContent":true}],"attachments":[],"parameters":[],"stepsCount":3,"attachmentsCount":0,"shouldDisplayMessage":false,"hasContent":true},"afterStages":[],"labels":[{"name":"severity","value":"normal"},{"name":"feature","value":"Hoover service testing"},{"name":"framework","value":"behave"},{"name":"language","value":"cpython3"},{"name":"resultFormat","value":"allure2"}],"parameters":[{"name":"dirt_positions","value":"8,6"},{"name":"instructions","value":"N"},{"name":"room_x","value":"5"},{"name":"room_y","value":"5"},{"name":"start_x","value":"2"},{"name":"start_y","value":"3"}],"links":[],"hidden":true,"retry":true,"extra":{"categories":[],"tags":[]},"source":"6bf7a63519e35118.json","parameterValues":["8,6","N","5","5","2","3"]}