{"uid":"c91c8922ecf68c3e","name":"Hoover navigates the room and cleans patches of dirt -- @1.3 ","fullName":"Hoover service testing: Hoover navigates the room and cleans patches of dirt","historyId":"5a4d6bc8917b2de5c2c25cb9b429d397","time":{"start":1682670787874,"stop":1682670787903,"duration":29},"status":"failed","statusMessage":"AssertionError: Expected [4, 1] but got [0, 0]\n","statusTrace":"  File \"/home/luis/.local/lib/python3.10/site-packages/behave/model.py\", line 1329, in run\n    match.run(runner.context)\n  File \"/home/luis/.local/lib/python3.10/site-packages/behave/matchers.py\", line 98, in run\n    self.func(context, *args, **kwargs)\n  File \"features/steps/hoover_functional_steps.py\", line 37, in step_impl_then_hoover_position\n    assert context.response_body[\"coords\"] == [int(final_x), int(final_y)], f\"Expected {[int(final_x), int(final_y)]} but got {context.response_body['coords']}\"\n","flaky":false,"newFailed":false,"newBroken":false,"newPassed":false,"retriesCount":2,"retriesStatusChange":false,"beforeStages":[],"testStage":{"status":"failed","statusMessage":"AssertionError: Expected [4, 1] but got [0, 0]\n","statusTrace":"  File \"/home/luis/.local/lib/python3.10/site-packages/behave/model.py\", line 1329, in run\n    match.run(runner.context)\n  File \"/home/luis/.local/lib/python3.10/site-packages/behave/matchers.py\", line 98, in run\n    self.func(context, *args, **kwargs)\n  File \"features/steps/hoover_functional_steps.py\", line 37, in step_impl_then_hoover_position\n    assert context.response_body[\"coords\"] == [int(final_x), int(final_y)], f\"Expected {[int(final_x), int(final_y)]} but got {context.response_body['coords']}\"\n","steps":[{"name":"Given a room with dimensions \"7\" by \"4\"","time":{"start":1682670787875,"stop":1682670787875,"duration":0},"status":"passed","steps":[],"attachments":[],"parameters":[],"stepsCount":0,"attachmentsCount":0,"shouldDisplayMessage":false,"hasContent":false},{"name":"And a hoover starting at position \"0\", \"0\"","time":{"start":1682670787875,"stop":1682670787875,"duration":0},"status":"passed","steps":[],"attachments":[],"parameters":[],"stepsCount":0,"attachmentsCount":0,"shouldDisplayMessage":false,"hasContent":false},{"name":"And the following patches of dirt: \"1,1;3,3\"","time":{"start":1682670787875,"stop":1682670787875,"duration":0},"status":"passed","steps":[],"attachments":[],"parameters":[],"stepsCount":0,"attachmentsCount":0,"shouldDisplayMessage":false,"hasContent":false},{"name":"When the hoover moves according to \"EENNNNNNWWSSS\"","time":{"start":1682670787889,"stop":1682670787903,"duration":14},"status":"passed","steps":[],"attachments":[],"parameters":[],"stepsCount":0,"attachmentsCount":0,"shouldDisplayMessage":false,"hasContent":false},{"name":"Then the final position of the hoover should be \"4\", \"1\"","time":{"start":1682670787903,"stop":1682670787903,"duration":0},"status":"failed","statusMessage":"AssertionError: Expected [4, 1] but got [0, 0]\n","statusTrace":"  File \"/home/luis/.local/lib/python3.10/site-packages/behave/model.py\", line 1329, in run\n    match.run(runner.context)\n  File \"/home/luis/.local/lib/python3.10/site-packages/behave/matchers.py\", line 98, in run\n    self.func(context, *args, **kwargs)\n  File \"features/steps/hoover_functional_steps.py\", line 37, in step_impl_then_hoover_position\n    assert context.response_body[\"coords\"] == [int(final_x), int(final_y)], f\"Expected {[int(final_x), int(final_y)]} but got {context.response_body['coords']}\"\n","steps":[],"attachments":[],"parameters":[],"stepsCount":0,"attachmentsCount":0,"shouldDisplayMessage":true,"hasContent":true},{"name":"And the number of cleaned patches should be \"1\"","time":{"start":1682670787903,"stop":1682670787903,"duration":0},"status":"skipped","steps":[],"attachments":[],"parameters":[],"stepsCount":0,"attachmentsCount":0,"shouldDisplayMessage":false,"hasContent":false}],"attachments":[],"parameters":[],"stepsCount":6,"attachmentsCount":0,"shouldDisplayMessage":false,"hasContent":true},"afterStages":[],"labels":[{"name":"severity","value":"normal"},{"name":"tag","value":"skip"},{"name":"feature","value":"Hoover service testing"},{"name":"framework","value":"behave"},{"name":"language","value":"cpython3"},{"name":"resultFormat","value":"allure2"}],"parameters":[{"name":"cleaned_patches","value":"1"},{"name":"dirt_positions","value":"1,1;3,3"},{"name":"final_x","value":"4"},{"name":"final_y","value":"1"},{"name":"instructions","value":"EENNNNNNWWSSS"},{"name":"room_x","value":"7"},{"name":"room_y","value":"4"},{"name":"start_x","value":"0"},{"name":"start_y","value":"0"}],"links":[],"hidden":false,"retry":false,"extra":{"severity":"normal","retries":[{"uid":"7a05a8689a3bf4b0","status":"failed","statusDetails":"AssertionError: Expected [4, 1] but got [0, 0]\n","time":{"start":1682669968581,"stop":1682669968588,"duration":7}},{"uid":"ce18f71fc66d9884","status":"failed","statusDetails":"AssertionError: Expected [4, 1] but got [0, 0]\n","time":{"start":1682669936931,"stop":1682669936991,"duration":60}}],"categories":[{"name":"Product defects","matchedStatuses":[],"flaky":false}],"tags":["skip"]},"source":"c91c8922ecf68c3e.json","parameterValues":["1","1,1;3,3","4","1","EENNNNNNWWSSS","7","4","0","0"]}