{"uid":"cd46f54dbf167b6f","name":"Missing payload information -- @1.3 ","fullName":"Hoover service testing: Missing payload information","historyId":"1ab55767dacedefbdb04ec832b71e8e1","time":{"start":1682669968750,"stop":1682669968761,"duration":11},"status":"failed","statusMessage":"AssertionError: Expected error message 'Missing input parameter'\n","statusTrace":"  File \"/home/luis/.local/lib/python3.10/site-packages/behave/model.py\", line 1329, in run\n    match.run(runner.context)\n  File \"/home/luis/.local/lib/python3.10/site-packages/behave/matchers.py\", line 98, in run\n    self.func(context, *args, **kwargs)\n  File \"features/steps/hoover_nonfunctional_steps.py\", line 40, in step_impl_then_service_should_return_missing_input_error\n    assert False, f\"Expected error message 'Missing input parameter'\"\n","flaky":false,"newFailed":false,"newBroken":false,"newPassed":false,"retriesCount":0,"retriesStatusChange":false,"beforeStages":[],"testStage":{"status":"failed","statusMessage":"AssertionError: Expected error message 'Missing input parameter'\n","statusTrace":"  File \"/home/luis/.local/lib/python3.10/site-packages/behave/model.py\", line 1329, in run\n    match.run(runner.context)\n  File \"/home/luis/.local/lib/python3.10/site-packages/behave/matchers.py\", line 98, in run\n    self.func(context, *args, **kwargs)\n  File \"features/steps/hoover_nonfunctional_steps.py\", line 40, in step_impl_then_service_should_return_missing_input_error\n    assert False, f\"Expected error message 'Missing input parameter'\"\n","steps":[{"name":"Given a request with missing payload information \"7\" \"4\" \"0\" \"0\" \"EENNNNNNWWSSS\"","time":{"start":1682669968751,"stop":1682669968751,"duration":0},"status":"passed","steps":[],"attachments":[],"parameters":[],"stepsCount":0,"attachmentsCount":0,"shouldDisplayMessage":false,"hasContent":false},{"name":"When I send a request with missing payload information","time":{"start":1682669968751,"stop":1682669968760,"duration":9},"status":"passed","steps":[],"attachments":[],"parameters":[],"stepsCount":0,"attachmentsCount":0,"shouldDisplayMessage":false,"hasContent":false},{"name":"Then the service should return a missing input error","time":{"start":1682669968761,"stop":1682669968761,"duration":0},"status":"failed","statusMessage":"AssertionError: Expected error message 'Missing input parameter'\n","statusTrace":"  File \"/home/luis/.local/lib/python3.10/site-packages/behave/model.py\", line 1329, in run\n    match.run(runner.context)\n  File \"/home/luis/.local/lib/python3.10/site-packages/behave/matchers.py\", line 98, in run\n    self.func(context, *args, **kwargs)\n  File \"features/steps/hoover_nonfunctional_steps.py\", line 40, in step_impl_then_service_should_return_missing_input_error\n    assert False, f\"Expected error message 'Missing input parameter'\"\n","steps":[],"attachments":[],"parameters":[],"stepsCount":0,"attachmentsCount":0,"shouldDisplayMessage":true,"hasContent":true}],"attachments":[],"parameters":[],"stepsCount":3,"attachmentsCount":0,"shouldDisplayMessage":false,"hasContent":true},"afterStages":[],"labels":[{"name":"severity","value":"normal"},{"name":"feature","value":"Hoover service testing"},{"name":"framework","value":"behave"},{"name":"language","value":"cpython3"},{"name":"resultFormat","value":"allure2"}],"parameters":[{"name":"instructions","value":"EENNNNNNWWSSS"},{"name":"room_x","value":"7"},{"name":"room_y","value":"4"},{"name":"start_x","value":"0"},{"name":"start_y","value":"0"}],"links":[],"hidden":true,"retry":true,"extra":{"categories":[],"tags":[]},"source":"cd46f54dbf167b6f.json","parameterValues":["EENNNNNNWWSSS","7","4","0","0"]}